mod	trans_guid	split_guid	time_now	date_entered	date_posted	acc_guid	acc_name	num	description	notes	memo	action	reconciled	amount	value	date_reconciled
-----------------
===== START
===== END
===== START
D	9e62f807103b4cf59c5d1b8f523f1b09	2aed87aff0f7436ab77530b0eec7f0ba	2018-06-02 14:43:44.000000 +0530	2018-06-02 14:43:44.000000 +0530	2018-06-02 16:29:00.000000 +0530								n	0/1	0/100	1970-01-01 05:30:00.000000 +0530
===== END
===== START
===== END
===== START
D	d04eb98306de4c09bf1aa9dc73f95868	5ed5072c6a814334ac4f00e20b9992d8	2018-06-02 14:44:12.000000 +0530	2018-06-02 14:44:12.000000 +0530	2018-06-02 16:29:00.000000 +0530								n	0/1	0/100	1970-01-01 05:30:00.000000 +0530
===== END
===== START
===== END
===== START
D	ee703a882bc24f919ff202b255dd7dfd	2a08ddf9b9794dfbaaa6d76ada836d3d	2018-06-02 14:44:42.000000 +0530	2018-06-02 14:44:42.000000 +0530	2018-06-02 16:29:00.000000 +0530								n	0/1	0/100	1970-01-01 05:30:00.000000 +0530
===== END
===== START
===== END
===== START
D	a82c17ba9fc949a09b4bdd03a28eaaf4	f5365702b0ac4328a541f0ac21def666	2018-06-02 14:45:35.000000 +0530	2018-06-02 14:45:35.000000 +0530	2018-06-02 16:29:00.000000 +0530								n	0/1	0/100	1970-01-01 05:30:00.000000 +0530
===== END
===== START
===== END
===== START
D	7b5b96060d2f478c9ca5c85e85209a87	68040d786942416a96a2eeb6df1e24df	2018-06-02 14:47:08.000000 +0530	2018-06-02 14:47:08.000000 +0530	2018-06-02 16:29:00.000000 +0530								n	0/1	0/100	1970-01-01 05:30:00.000000 +0530
===== END
